RepoArchive/x86_64.list/python-mock-1.0.1-1pclos2013.noarch.rpm
RepoArchive/x86_64.list/python-flexmock-0.9.6-1pclos2013.noarch.rpm
RepoArchive/x86_64.list/tor-browser-bundle-5.0.3-1pclos2015.x86_64.rpm
RepoArchive/x86_64.list/lib64qt4-devel-4.8.7-1pclos2015.x86_64.rpm
RepoArchive/x86_64.list/evolvere-blue-folders-dark-icon-theme-1.2-1pclos2015.noarch.rpm
RepoArchive/x86_64.list/evolvere-blue-folders-icon-theme-1.2-1pclos2015.noarch.rpm
RepoArchive/x86_64.list/square-dark-icon-theme-2.1-1pclos2015.noarch.rpm
RepoArchive/x86_64.list/qt4-doc-4.8.7-1pclos2015.noarch.rpm
RepoArchive/x86_64.list/indicator-appmenu-12.10.0-1pclos2015.x86_64.rpm
RepoArchive/x86_64.list/evolvere-blue-folders-vivid-dark-fallback-icon-theme-1.2-1pclos2015.noarch.rpm
RepoArchive/x86_64.list/automoc4-0.9.88-3pclos2013.x86_64.rpm
RepoArchive/x86_64.list/qt-creator-3.4.2-1pclos2015.x86_64.rpm
RepoArchive/x86_64.list/evolvere-icon-theme-1.2-1pclos2015.noarch.rpm
RepoArchive/x86_64.list/qt4-examples-4.8.7-1pclos2015.x86_64.rpm
RepoArchive/x86_64.list/lib64qt5core-private-devel-5.4.1-2pclos2015.x86_64.rpm
RepoArchive/x86_64.list/square-light-icon-theme-2.1-1pclos2015.noarch.rpm
RepoArchive/x86_64.list/rubygem-rspec-mocks-doc-2.14.6-1pclos2014.noarch.rpm
RepoArchive/x86_64.list/rubygem-mocha-doc-1.1.0-1pclos2014.noarch.rpm
RepoArchive/x86_64.list/exe-2.0.4-1pclos2015.noarch.rpm
RepoArchive/x86_64.list/tkinter-2.7.9-1pclos2015.x86_64.rpm
RepoArchive/x86_64.list/python3-docs-3.4.3-1pclos2015.noarch.rpm
RepoArchive/x86_64.list/tkinter3-3.4.3-1pclos2015.x86_64.rpm
RepoArchive/x86_64.list/rubygem-mocha-1.1.0-1pclos2014.noarch.rpm
RepoArchive/x86_64.list/python-minimock-1.2.6-1pclos2013.x86_64.rpm
RepoArchive/x86_64.list/lib64qt5declarative-devel-5.4.2-1pclos2015.x86_64.rpm
RepoArchive/x86_64.list/evolvere-blue-folders-vivid-dark-light-fallback-icon-theme-1.2-1pclos2015.noarch.rpm
RepoArchive/x86_64.list/qtbase5-common-devel-5.4.1-2pclos2015.x86_64.rpm
RepoArchive/x86_64.list/python-kombu-3.0.21-1pclos2015.noarch.rpm
RepoArchive/x86_64.list/sankore-3.1.2.5.r.1-1pclos2015.x86_64.rpm
RepoArchive/x86_64.list/python3-3.4.3-1pclos2015.x86_64.rpm
RepoArchive/x86_64.list/evolvere-dark-icon-theme-1.2-1pclos2015.noarch.rpm
RepoArchive/x86_64.list/qtchooser-39-1pclos2015.x86_64.rpm
RepoArchive/x86_64.list/blender-2.75a-2pclos2015.x86_64.rpm
RepoArchive/x86_64.list/moc-2.5.0-1pclos2014.x86_64.rpm
RepoArchive/x86_64.list/qtdoc5-5.4.1-1pclos2015.noarch.rpm
RepoArchive/x86_64.list/lib64qt5declarative-devel-5.4.1-1pclos2015.x86_64.rpm
RepoArchive/x86_64.list/qtbase5-common-devel-5.4.2-1pclos2015.x86_64.rpm
RepoArchive/x86_64.list/lib64python3-devel-3.4.3-1pclos2015.x86_64.rpm
RepoArchive/x86_64.list/lazarus-1.4.2-1pclos2015.x86_64.rpm
RepoArchive/x86_64.list/rubygem-rspec-mocks-2.14.6-1pclos2014.noarch.rpm
RepoArchive/x86_64.list/lib64qt5core-private-devel-5.4.2-1pclos2015.x86_64.rpm
RepoArchive/x86_64.list/qtdoc5-5.4.2-1pclos2015.noarch.rpm
RepoArchive/x86_64.list/python-cosmocalc-0.1.2-1pclos2013.noarch.rpm
RepoArchive/x86_64.list/tor-browser-bundle-4.5.1-1pclos2015.x86_64.rpm
RepoArchive/x86_64.list/python-twisted-core-15.2.1-1pclos2015.x86_64.rpm
RepoArchive/x86_64.list/python3-kombu-3.0.21-1pclos2015.noarch.rpm
RepoArchive/kde.list/kde-artwork-icons-theme-mono-15.04.3-1pclos2015.x86_64.rpm
RepoArchive/kde.list/kdelibs-devel-4.14.7-1pclos2015.x86_64.rpm
RepoArchive/kde.list/kde-pimlibs-devel-4.14.10-1pclos2015.x86_64.rpm
RepoArchive/kde.list/kdelibs-devel-4.14.10-1pclos2015.x86_64.rpm
RepoArchive/kde.list/kde-artwork-icons-theme-mono-15.04.0-1pclos2015.x86_64.rpm
RepoArchive/kde.list/kde-artwork-icons-theme-nuvola-15.04.3-1pclos2015.x86_64.rpm
RepoArchive/kde.list/kde-pimlibs-devel-4.14.7-1pclos2015.x86_64.rpm
RepoArchive/kde.list/kde-artwork-icons-theme-nuvola-15.04.0-1pclos2015.x86_64.rpm
